[     418ms] [INFO] %cDownload the React DevTools for a better development experience: https://react.dev/link/react-devtools font-weight:bold @ http://localhost:3002/_next/static/chunks/node_modules_next_dist_115brz8._.js:2477
[     459ms] [LOG] [HMR] connected @ http://localhost:3002/_next/static/chunks/node_modules_next_dist_115brz8._.js:2477
[     585ms] [LOG] [Fast Refresh] rebuilding @ http://localhost:3002/_next/static/chunks/node_modules_next_dist_115brz8._.js:2477
[     662ms] [LOG] [Fast Refresh] done in 177ms @ http://localhost:3002/_next/static/chunks/node_modules_next_dist_115brz8._.js:2477
[    3496ms] [WARNING] The resource http://localhost:3002/_next/static/media/6ad1cda2f16975ee-s.p.0t8o_f0a-dk8w.woff2 was preloaded using link preload but not used within a few seconds from the window's load event. Please make sure it has an appropriate `as` value and it is preloaded intentionally. @ http://localhost:3002/join:0
[   19463ms] [LOG] [Fast Refresh] rebuilding @ http://localhost:3002/_next/static/chunks/node_modules_next_dist_115brz8._.js:2477
[   19790ms] [LOG] [Fast Refresh] done in 443ms @ http://localhost:3002/_next/static/chunks/node_modules_next_dist_115brz8._.js:2477
[   22766ms] [WARNING] The resource http://localhost:3002/_next/static/media/6ad1cda2f16975ee-s.p.0t8o_f0a-dk8w.woff2 was preloaded using link preload but not used within a few seconds from the window's load event. Please make sure it has an appropriate `as` value and it is preloaded intentionally. @ http://localhost:3002/join:0
[   30064ms] [LOG] [Fast Refresh] rebuilding @ http://localhost:3002/_next/static/chunks/node_modules_next_dist_115brz8._.js:2477
[   31283ms] [LOG] [Fast Refresh] done in 1321ms @ http://localhost:3002/_next/static/chunks/node_modules_next_dist_115brz8._.js:2477
[   31386ms] [LOG] [Fast Refresh] rebuilding @ http://localhost:3002/_next/static/chunks/node_modules_next_dist_115brz8._.js:2477
[   31469ms] [LOG] [Fast Refresh] done in 185ms @ http://localhost:3002/_next/static/chunks/node_modules_next_dist_115brz8._.js:2477
[   31471ms] [ERROR] Failed to load resource: the server responded with a status of 500 (Internal Server Error) @ http://localhost:3002/api/schedule:0
[   34474ms] [WARNING] The resource http://localhost:3002/_next/static/media/6ad1cda2f16975ee-s.p.0t8o_f0a-dk8w.woff2 was preloaded using link preload but not used within a few seconds from the window's load event. Please make sure it has an appropriate `as` value and it is preloaded intentionally. @ http://localhost:3002/join:0
[   51325ms] [LOG] [Fast Refresh] rebuilding @ http://localhost:3002/_next/static/chunks/node_modules_next_dist_115brz8._.js:2477
[   51335ms] [LOG] [Fast Refresh] done in 110ms @ http://localhost:3002/_next/static/chunks/node_modules_next_dist_115brz8._.js:2477
[   51371ms] [ERROR] Failed to load resource: the server responded with a status of 500 (Internal Server Error) @ http://localhost:3002/api/schedule:0
[   54372ms] [WARNING] The resource http://localhost:3002/_next/static/media/6ad1cda2f16975ee-s.p.0t8o_f0a-dk8w.woff2 was preloaded using link preload but not used within a few seconds from the window's load event. Please make sure it has an appropriate `as` value and it is preloaded intentionally. @ http://localhost:3002/join:0
[   81877ms] [WARNING] The resource http://localhost:3002/_next/static/media/6ad1cda2f16975ee-s.p.0t8o_f0a-dk8w.woff2 was preloaded using link preload but not used within a few seconds from the window's load event. Please make sure it has an appropriate `as` value and it is preloaded intentionally. @ http://localhost:3002/:0
[   84784ms] [LOG] [HMR] connected @ http://localhost:3002/_next/static/chunks/node_modules_next_dist_115brz8._.js:2477
